2025-02-03T14:18:07.680+02:00  INFO 24104 --- [main] com.adoptionplatform.Main                : Starting Main using Java 20.0.2 with PID 24104 (C:\Users\leftp\IdeaProjects\PetAdoptionRep\adOPTION\PetAdoption\target\classes started by leftp in C:\Users\leftp\IdeaProjects\PetAdoptionRep\adOPTION\PetAdoption)
2025-02-03T14:18:07.689+02:00  INFO 24104 --- [main] com.adoptionplatform.Main                : No active profile set, falling back to 1 default profile: "default"
2025-02-03T14:18:09.067+02:00  INFO 24104 --- [main] .s.d.r.c.RepositoryConfigurationDelegate : Bootstrapping Spring Data JPA repositories in DEFAULT mode.
2025-02-03T14:18:09.145+02:00  INFO 24104 --- [main] .s.d.r.c.RepositoryConfigurationDelegate : Finished Spring Data repository scanning in 68 ms. Found 8 JPA repository interfaces.
2025-02-03T14:18:11.231+02:00  INFO 24104 --- [main] o.s.b.w.embedded.tomcat.TomcatWebServer  : Tomcat initialized with port(s): 8080 (http)
2025-02-03T14:18:11.248+02:00  INFO 24104 --- [main] o.apache.catalina.core.StandardService   : Starting service [Tomcat]
2025-02-03T14:18:11.249+02:00  INFO 24104 --- [main] o.apache.catalina.core.StandardEngine    : Starting Servlet engine: [Apache Tomcat/10.1.8]
2025-02-03T14:18:11.596+02:00  INFO 24104 --- [main] o.a.c.c.C.[Tomcat].[localhost].[/]       : Initializing Spring embedded WebApplicationContext
2025-02-03T14:18:11.598+02:00  INFO 24104 --- [main] w.s.c.ServletWebServerApplicationContext : Root WebApplicationContext: initialization completed in 3644 ms
2025-02-03T14:18:12.117+02:00  INFO 24104 --- [main] o.hibernate.jpa.internal.util.LogHelper  : HHH000204: Processing PersistenceUnitInfo [name: default]
2025-02-03T14:18:12.207+02:00  INFO 24104 --- [main] org.hibernate.Version                    : HHH000412: Hibernate ORM core version 6.2.2.Final
2025-02-03T14:18:12.210+02:00  INFO 24104 --- [main] org.hibernate.cfg.Environment            : HHH000406: Using bytecode reflection optimizer
2025-02-03T14:18:12.504+02:00  INFO 24104 --- [main] o.h.b.i.BytecodeProviderInitiator        : HHH000021: Bytecode provider name : bytebuddy
2025-02-03T14:18:12.662+02:00  INFO 24104 --- [main] o.s.o.j.p.SpringPersistenceUnitInfo      : No LoadTimeWeaver setup: ignoring JPA class transformer
2025-02-03T14:18:12.699+02:00  INFO 24104 --- [main] com.zaxxer.hikari.HikariDataSource       : HikariPool-1 - Starting...
2025-02-03T14:18:14.250+02:00  INFO 24104 --- [main] com.zaxxer.hikari.pool.HikariPool        : HikariPool-1 - Added connection org.postgresql.jdbc.PgConnection@6c8672b9
2025-02-03T14:18:14.252+02:00  INFO 24104 --- [main] com.zaxxer.hikari.HikariDataSource       : HikariPool-1 - Start completed.
2025-02-03T14:18:14.331+02:00  INFO 24104 --- [main] org.hibernate.orm.dialect                : HHH035001: Using dialect: org.hibernate.dialect.PostgreSQLDialect, version: org.hibernate.engine.jdbc.env.internal.JdbcEnvironmentInitiator$DialectResolutionInfoImpl@f287a4e
2025-02-03T14:18:14.695+02:00  INFO 24104 --- [main] o.h.b.i.BytecodeProviderInitiator        : HHH000021: Bytecode provider name : bytebuddy
2025-02-03T14:18:15.468+02:00  INFO 24104 --- [main] o.h.e.t.j.p.i.JtaPlatformInitiator       : HHH000490: Using JtaPlatform implementation: [org.hibernate.engine.transaction.jta.platform.internal.NoJtaPlatform]
2025-02-03T14:18:15.734+02:00  INFO 24104 --- [main] j.LocalContainerEntityManagerFactoryBean : Initialized JPA EntityManagerFactory for persistence unit 'default'
2025-02-03T14:18:16.106+02:00  WARN 24104 --- [main] .s.s.UserDetailsServiceAutoConfiguration : 

Using generated security password: 60314320-5f82-4000-9986-9f9b205a1d7a

This generated password is for development use only. Your security configuration must be updated before running your application in production.

2025-02-03T14:18:16.159+02:00  INFO 24104 --- [main] o.s.d.j.r.query.QueryEnhancerFactory     : Hibernate is in classpath; If applicable, HQL parser will be used.
2025-02-03T14:18:16.994+02:00  INFO 24104 --- [main] o.s.b.a.w.s.WelcomePageHandlerMapping    : Adding welcome page template: index
2025-02-03T14:18:17.212+02:00  INFO 24104 --- [main] o.s.s.web.DefaultSecurityFilterChain     : Will secure any request with [org.springframework.security.web.session.DisableEncodeUrlFilter@6b297a62, org.springframework.security.web.context.request.async.WebAsyncManagerIntegrationFilter@11303cb, org.springframework.security.web.context.SecurityContextHolderFilter@6bac199f, org.springframework.security.web.header.HeaderWriterFilter@6f05d5f2, org.springframework.security.web.csrf.CsrfFilter@24305eca, org.springframework.security.web.authentication.logout.LogoutFilter@58d9cd6, org.springframework.security.web.authentication.UsernamePasswordAuthenticationFilter@219aab91, org.springframework.security.web.savedrequest.RequestCacheAwareFilter@47a9bcf1, org.springframework.security.web.servletapi.SecurityContextHolderAwareRequestFilter@17c95612, org.springframework.security.web.authentication.AnonymousAuthenticationFilter@655e3f4c, org.springframework.security.web.access.ExceptionTranslationFilter@311d8595, org.springframework.security.web.access.intercept.AuthorizationFilter@54fd5f6]
2025-02-03T14:18:18.017+02:00  INFO 24104 --- [main] o.s.b.w.embedded.tomcat.TomcatWebServer  : Tomcat started on port(s): 8080 (http) with context path ''
2025-02-03T14:18:18.025+02:00  INFO 24104 --- [main] com.adoptionplatform.Main                : Started Main in 10.938 seconds (process running for 11.426)
2025-02-03T14:18:18.072+02:00  INFO 24104 --- [http-nio-8080-exec-1] o.a.c.c.C.[Tomcat].[localhost].[/]       : Initializing Spring DispatcherServlet 'dispatcherServlet'
2025-02-03T14:18:18.073+02:00  INFO 24104 --- [http-nio-8080-exec-1] o.s.web.servlet.DispatcherServlet        : Initializing Servlet 'dispatcherServlet'
2025-02-03T14:18:18.074+02:00  INFO 24104 --- [http-nio-8080-exec-1] o.s.web.servlet.DispatcherServlet        : Completed initialization in 1 ms
2025-02-03T14:18:19.292+02:00  WARN 24104 --- [http-nio-8080-exec-1] actStandardFragmentInsertionTagProcessor : [THYMELEAF][http-nio-8080-exec-1][layout/layout] Deprecated unwrapped fragment expression "layout/header :: header" found in template layout/layout, line 26, col 38. Please use the complete syntax of fragment expressions instead ("~{layout/header :: header}"). The old, unwrapped syntax for fragment expressions will be removed in future versions of Thymeleaf.
2025-02-03T14:18:19.374+02:00  WARN 24104 --- [http-nio-8080-exec-1] actStandardFragmentInsertionTagProcessor : [THYMELEAF][http-nio-8080-exec-1][layout/layout] Deprecated unwrapped fragment expression "layout/footer :: footer" found in template layout/layout, line 54, col 38. Please use the complete syntax of fragment expressions instead ("~{layout/footer :: footer}"). The old, unwrapped syntax for fragment expressions will be removed in future versions of Thymeleaf.
2025-02-03T14:18:40.935+02:00  WARN 24104 --- [http-nio-8080-exec-10] actStandardFragmentInsertionTagProcessor : [THYMELEAF][http-nio-8080-exec-10][layout/layout] Deprecated unwrapped fragment expression "layout/header :: header" found in template layout/layout, line 26, col 38. Please use the complete syntax of fragment expressions instead ("~{layout/header :: header}"). The old, unwrapped syntax for fragment expressions will be removed in future versions of Thymeleaf.
2025-02-03T14:18:40.938+02:00  WARN 24104 --- [http-nio-8080-exec-10] actStandardFragmentInsertionTagProcessor : [THYMELEAF][http-nio-8080-exec-10][layout/layout] Deprecated unwrapped fragment expression "layout/footer :: footer" found in template layout/layout, line 54, col 38. Please use the complete syntax of fragment expressions instead ("~{layout/footer :: footer}"). The old, unwrapped syntax for fragment expressions will be removed in future versions of Thymeleaf.
2025-02-03T14:18:47.766+02:00  WARN 24104 --- [http-nio-8080-exec-7] actStandardFragmentInsertionTagProcessor : [THYMELEAF][http-nio-8080-exec-7][layout/layout] Deprecated unwrapped fragment expression "layout/header :: header" found in template layout/layout, line 26, col 38. Please use the complete syntax of fragment expressions instead ("~{layout/header :: header}"). The old, unwrapped syntax for fragment expressions will be removed in future versions of Thymeleaf.
2025-02-03T14:18:47.768+02:00  WARN 24104 --- [http-nio-8080-exec-7] actStandardFragmentInsertionTagProcessor : [THYMELEAF][http-nio-8080-exec-7][layout/layout] Deprecated unwrapped fragment expression "layout/footer :: footer" found in template layout/layout, line 54, col 38. Please use the complete syntax of fragment expressions instead ("~{layout/footer :: footer}"). The old, unwrapped syntax for fragment expressions will be removed in future versions of Thymeleaf.
2025-02-03T14:18:56.074+02:00  WARN 24104 --- [http-nio-8080-exec-10] actStandardFragmentInsertionTagProcessor : [THYMELEAF][http-nio-8080-exec-10][layout/layout] Deprecated unwrapped fragment expression "layout/header :: header" found in template layout/layout, line 26, col 38. Please use the complete syntax of fragment expressions instead ("~{layout/header :: header}"). The old, unwrapped syntax for fragment expressions will be removed in future versions of Thymeleaf.
2025-02-03T14:18:56.076+02:00  WARN 24104 --- [http-nio-8080-exec-10] actStandardFragmentInsertionTagProcessor : [THYMELEAF][http-nio-8080-exec-10][layout/layout] Deprecated unwrapped fragment expression "layout/footer :: footer" found in template layout/layout, line 54, col 38. Please use the complete syntax of fragment expressions instead ("~{layout/footer :: footer}"). The old, unwrapped syntax for fragment expressions will be removed in future versions of Thymeleaf.
2025-02-03T14:19:02.276+02:00  WARN 24104 --- [http-nio-8080-exec-6] actStandardFragmentInsertionTagProcessor : [THYMELEAF][http-nio-8080-exec-6][layout/layout] Deprecated unwrapped fragment expression "layout/header :: header" found in template layout/layout, line 26, col 38. Please use the complete syntax of fragment expressions instead ("~{layout/header :: header}"). The old, unwrapped syntax for fragment expressions will be removed in future versions of Thymeleaf.
2025-02-03T14:19:02.279+02:00  WARN 24104 --- [http-nio-8080-exec-6] actStandardFragmentInsertionTagProcessor : [THYMELEAF][http-nio-8080-exec-6][layout/layout] Deprecated unwrapped fragment expression "layout/footer :: footer" found in template layout/layout, line 54, col 38. Please use the complete syntax of fragment expressions instead ("~{layout/footer :: footer}"). The old, unwrapped syntax for fragment expressions will be removed in future versions of Thymeleaf.
2025-02-03T14:19:13.758+02:00  WARN 24104 --- [http-nio-8080-exec-9] actStandardFragmentInsertionTagProcessor : [THYMELEAF][http-nio-8080-exec-9][layout/layout] Deprecated unwrapped fragment expression "layout/header :: header" found in template layout/layout, line 26, col 38. Please use the complete syntax of fragment expressions instead ("~{layout/header :: header}"). The old, unwrapped syntax for fragment expressions will be removed in future versions of Thymeleaf.
2025-02-03T14:19:13.760+02:00  WARN 24104 --- [http-nio-8080-exec-9] actStandardFragmentInsertionTagProcessor : [THYMELEAF][http-nio-8080-exec-9][layout/layout] Deprecated unwrapped fragment expression "layout/footer :: footer" found in template layout/layout, line 54, col 38. Please use the complete syntax of fragment expressions instead ("~{layout/footer :: footer}"). The old, unwrapped syntax for fragment expressions will be removed in future versions of Thymeleaf.
2025-02-03T14:19:15.334+02:00  WARN 24104 --- [http-nio-8080-exec-1] actStandardFragmentInsertionTagProcessor : [THYMELEAF][http-nio-8080-exec-1][layout/layout] Deprecated unwrapped fragment expression "layout/header :: header" found in template layout/layout, line 26, col 38. Please use the complete syntax of fragment expressions instead ("~{layout/header :: header}"). The old, unwrapped syntax for fragment expressions will be removed in future versions of Thymeleaf.
2025-02-03T14:19:15.335+02:00  WARN 24104 --- [http-nio-8080-exec-1] actStandardFragmentInsertionTagProcessor : [THYMELEAF][http-nio-8080-exec-1][layout/layout] Deprecated unwrapped fragment expression "layout/footer :: footer" found in template layout/layout, line 54, col 38. Please use the complete syntax of fragment expressions instead ("~{layout/footer :: footer}"). The old, unwrapped syntax for fragment expressions will be removed in future versions of Thymeleaf.
2025-02-03T14:19:16.336+02:00  WARN 24104 --- [http-nio-8080-exec-10] actStandardFragmentInsertionTagProcessor : [THYMELEAF][http-nio-8080-exec-10][layout/layout] Deprecated unwrapped fragment expression "layout/header :: header" found in template layout/layout, line 26, col 38. Please use the complete syntax of fragment expressions instead ("~{layout/header :: header}"). The old, unwrapped syntax for fragment expressions will be removed in future versions of Thymeleaf.
2025-02-03T14:19:16.338+02:00  WARN 24104 --- [http-nio-8080-exec-10] actStandardFragmentInsertionTagProcessor : [THYMELEAF][http-nio-8080-exec-10][layout/layout] Deprecated unwrapped fragment expression "layout/footer :: footer" found in template layout/layout, line 54, col 38. Please use the complete syntax of fragment expressions instead ("~{layout/footer :: footer}"). The old, unwrapped syntax for fragment expressions will be removed in future versions of Thymeleaf.
2025-02-03T14:19:28.966+02:00  INFO 24104 --- [SpringApplicationShutdownHook] j.LocalContainerEntityManagerFactoryBean : Closing JPA EntityManagerFactory for persistence unit 'default'
2025-02-03T14:19:28.968+02:00  INFO 24104 --- [SpringApplicationShutdownHook] com.zaxxer.hikari.HikariDataSource       : HikariPool-1 - Shutdown initiated...
2025-02-03T14:19:29.596+02:00  INFO 24104 --- [SpringApplicationShutdownHook] com.zaxxer.hikari.HikariDataSource       : HikariPool-1 - Shutdown completed.
